<?xml version="1.0" encoding="UTF-8"?>
<testng-results skipped="2" failed="0" total="2" passed="0">
  <reporter-output>
  </reporter-output>
  <suite name="Default suite" duration-ms="31" started-at="2022-02-13T09:50:06Z" finished-at="2022-02-13T09:50:06Z">
    <groups>
    </groups>
    <test name="Default test" duration-ms="31" started-at="2022-02-13T09:50:06Z" finished-at="2022-02-13T09:50:06Z">
      <class name="com.actitime.scripts.LoginTest">
        <test-method status="FAIL" signature="preCondition(java.lang.String, java.lang.String)[pri:0, instance:com.actitime.scripts.LoginTest@482f8f11]" name="preCondition" is-config="true" duration-ms="0" started-at="2022-02-13T15:20:06Z" finished-at="2022-02-13T15:20:06Z">
          <exception class="org.testng.TestNGException">
            <message>
              <![CDATA[
Parameter 'browser' is required by @Configuration on method preCondition but has not been marked @Optional or defined
in C:\Users\pranj\AppData\Local\Temp\testng-eclipse-1388355181\testng-customsuite.xml]]>
            </message>
            <full-stacktrace>
              <![CDATA[org.testng.TestNGException: 
Parameter 'browser' is required by @Configuration on method preCondition but has not been marked @Optional or defined
in C:\Users\pranj\AppData\Local\Temp\testng-eclipse-1388355181\testng-customsuite.xml
	at org.testng.internal.Parameters.createParameters(Parameters.java:156)
	at org.testng.internal.Parameters.createParameters(Parameters.java:363)
	at org.testng.internal.Parameters.createConfigurationParameters(Parameters.java:86)
	at org.testng.internal.Invoker.invokeConfigurations(Invoker.java:202)
	at org.testng.internal.Invoker.invokeMethod(Invoker.java:590)
	at org.testng.internal.Invoker.invokeTestMethod(Invoker.java:811)
	at org.testng.internal.Invoker.invokeTestMethods(Invoker.java:1129)
	at org.testng.internal.TestMethodWorker.invokeTestMethods(TestMethodWorker.java:129)
	at org.testng.internal.TestMethodWorker.run(TestMethodWorker.java:112)
	at org.testng.TestRunner.privateRun(TestRunner.java:746)
	at org.testng.TestRunner.run(TestRunner.java:600)
	at org.testng.SuiteRunner.runTest(SuiteRunner.java:366)
	at org.testng.SuiteRunner.runSequentially(SuiteRunner.java:361)
	at org.testng.SuiteRunner.privateRun(SuiteRunner.java:319)
	at org.testng.SuiteRunner.run(SuiteRunner.java:268)
	at org.testng.SuiteRunnerWorker.runSuite(SuiteRunnerWorker.java:52)
	at org.testng.SuiteRunnerWorker.run(SuiteRunnerWorker.java:86)
	at org.testng.TestNG.runSuitesSequentially(TestNG.java:1264)
	at org.testng.TestNG.runSuitesLocally(TestNG.java:1189)
	at org.testng.TestNG.runSuites(TestNG.java:1104)
	at org.testng.TestNG.run(TestNG.java:1076)
	at org.testng.remote.AbstractRemoteTestNG.run(AbstractRemoteTestNG.java:126)
	at org.testng.remote.RemoteTestNG.initAndRun(RemoteTestNG.java:152)
	at org.testng.remote.RemoteTestNG.main(RemoteTestNG.java:57)
]]>
            </full-stacktrace>
          </exception> <!-- org.testng.TestNGException -->
          <reporter-output>
          </reporter-output>
        </test-method> <!-- preCondition -->
        <test-method status="SKIP" signature="validlogin()[pri:1, instance:com.actitime.scripts.LoginTest@482f8f11]" name="validlogin" duration-ms="3" started-at="2022-02-13T15:20:06Z" finished-at="2022-02-13T15:20:06Z">
          <reporter-output>
          </reporter-output>
        </test-method> <!-- validlogin -->
        <test-method status="SKIP" signature="postCondition()[pri:0, instance:com.actitime.scripts.LoginTest@482f8f11]" name="postCondition" is-config="true" duration-ms="0" started-at="2022-02-13T15:20:06Z" finished-at="2022-02-13T15:20:06Z">
          <reporter-output>
          </reporter-output>
        </test-method> <!-- postCondition -->
        <test-method status="SKIP" signature="preCondition(java.lang.String, java.lang.String)[pri:0, instance:com.actitime.scripts.LoginTest@482f8f11]" name="preCondition" is-config="true" duration-ms="0" started-at="2022-02-13T15:20:06Z" finished-at="2022-02-13T15:20:06Z">
          <reporter-output>
          </reporter-output>
        </test-method> <!-- preCondition -->
        <test-method status="SKIP" signature="invalidlogin()[pri:2, instance:com.actitime.scripts.LoginTest@482f8f11]" name="invalidlogin" duration-ms="1" started-at="2022-02-13T15:20:06Z" finished-at="2022-02-13T15:20:06Z">
          <reporter-output>
          </reporter-output>
        </test-method> <!-- invalidlogin -->
        <test-method status="SKIP" signature="postCondition()[pri:0, instance:com.actitime.scripts.LoginTest@482f8f11]" name="postCondition" is-config="true" duration-ms="0" started-at="2022-02-13T15:20:06Z" finished-at="2022-02-13T15:20:06Z">
          <reporter-output>
          </reporter-output>
        </test-method> <!-- postCondition -->
      </class> <!-- com.actitime.scripts.LoginTest -->
    </test> <!-- Default test -->
  </suite> <!-- Default suite -->
</testng-results>
